<?xml version="1.0" encoding="UTF-8"?>
<!-- Generated by org.testng.reporters.JUnitReportReporter -->
<testsuite hostname="keerthi" failures="0" tests="3" name="Sandhya" time="0.024" errors="0" timestamp="2023-02-05T17:41:58 IST" skipped="0">
  <testcase classname="Sandhya" name="setin" time="0.004"/>
  <system-out/>
  <testcase classname="Sandhya" name="geturl" time="0.005"/>
  <system-out/>
  <testcase classname="Sandhya" name="em" time="0.015"/>
  <system-out/>
</testsuite> <!-- Sandhya -->
